<?xml version="1.0" encoding="UTF-8"?>
<testng-results ignored="0" total="1" passed="1" failed="0" skipped="0">
  <reporter-output>
  </reporter-output>
  <suite started-at="2024-02-05T08:15:18 IST" name="Suite" finished-at="2024-02-05T08:15:47 IST" duration-ms="28423">
    <groups>
      <group name="ErrorHandling">
        <method signature="Day37standAloneTestError.submitOrderError()[pri:0, instance:sahebraochavanautomation.Tests.Day37standAloneTestError@2a4fb17b]" name="submitOrderError" class="sahebraochavanautomation.Tests.Day37standAloneTestError"/>
      </group> <!-- ErrorHandling -->
    </groups>
    <test started-at="2024-02-05T08:15:18 IST" name="Submit order Test" finished-at="2024-02-05T08:15:40 IST" duration-ms="21434">
      <class name="sahebraochavanautomation.Tests.Day37standAloneTest2">
        <test-method is-config="true" signature="launchApplication()[pri:0, instance:sahebraochavanautomation.Tests.Day37standAloneTest2@515aebb0]" started-at="2024-02-05T08:15:18 IST" name="launchApplication" finished-at="2024-02-05T08:15:39 IST" duration-ms="21317" status="PASS">
          <reporter-output>
          </reporter-output>
        </test-method> <!-- launchApplication -->
        <test-method is-config="true" signature="tearDown()[pri:0, instance:sahebraochavanautomation.Tests.Day37standAloneTest2@515aebb0]" started-at="2024-02-05T08:15:40 IST" name="tearDown" finished-at="2024-02-05T08:15:40 IST" duration-ms="72" status="PASS">
          <reporter-output>
          </reporter-output>
        </test-method> <!-- tearDown -->
      </class> <!-- sahebraochavanautomation.Tests.Day37standAloneTest2 -->
    </test> <!-- Submit order Test -->
    <test started-at="2024-02-05T08:15:40 IST" name="Test" finished-at="2024-02-05T08:15:47 IST" duration-ms="6910">
      <class name="sahebraochavanautomation.Tests.Day37standAloneTestError">
        <test-method is-config="true" signature="launchApplication()[pri:0, instance:sahebraochavanautomation.Tests.Day37standAloneTestError@2a4fb17b]" started-at="2024-02-05T08:15:40 IST" name="launchApplication" finished-at="2024-02-05T08:15:46 IST" duration-ms="5968" status="PASS">
          <reporter-output>
          </reporter-output>
        </test-method> <!-- launchApplication -->
        <test-method signature="submitOrderError()[pri:0, instance:sahebraochavanautomation.Tests.Day37standAloneTestError@2a4fb17b]" started-at="2024-02-05T08:15:46 IST" name="submitOrderError" finished-at="2024-02-05T08:15:47 IST" duration-ms="847" status="PASS">
          <reporter-output>
          </reporter-output>
        </test-method> <!-- submitOrderError -->
        <test-method is-config="true" signature="tearDown()[pri:0, instance:sahebraochavanautomation.Tests.Day37standAloneTestError@2a4fb17b]" started-at="2024-02-05T08:15:47 IST" name="tearDown" finished-at="2024-02-05T08:15:47 IST" duration-ms="53" status="PASS">
          <reporter-output>
          </reporter-output>
        </test-method> <!-- tearDown -->
      </class> <!-- sahebraochavanautomation.Tests.Day37standAloneTestError -->
    </test> <!-- Test -->
  </suite> <!-- Suite -->
</testng-results>
