<?xml version="1.0" encoding="UTF-8"?>
<!-- Generated by org.testng.reporters.JUnitXMLReporter -->
<testsuite ignored="2" hostname="DESKTOP-G5NB928" failures="0" tests="0" time="21.434" errors="0" timestamp="2024-02-05T08:15:40 IST">
  <testcase classname="sahebraochavanautomation.Tests.Day37standAloneTest2" name="orderHistoryDisplay" time="0.0">
    <ignored/>
  </testcase> <!-- orderHistoryDisplay -->
  <testcase classname="sahebraochavanautomation.Tests.Day37standAloneTest2" name="submitOrder" time="0.0">
    <ignored/>
  </testcase> <!-- submitOrder -->
</testsuite>
